Standard Commons Logging discovery in action with spring-jcl: please remove commons-logging.jar from classpath in order to avoid potential conflicts

  .   ____          _            __ _ _
 /\\ / ___'_ __ _ _(_)_ __  __ _ \ \ \ \
( ( )\___ | '_ | '_| | '_ \/ _` | \ \ \ \
 \\/  ___)| |_)| | | | | || (_| |  ) ) ) )
  '  |____| .__|_| |_|_| |_\__, | / / / /
 =========|_|==============|___/=/_/_/_/

 :: Spring Boot ::                (v3.3.5)

2026-04-06T11:15:07.014+09:00  INFO 46092 --- [inventory-management-api-spring] [           main] m.a.InventoryManagementSpringApplication : Starting InventoryManagementSpringApplication v0.1.0 using Java 17.0.15 with PID 46092 (C:\github\Inventory-management\services\api-spring\target\api-spring-0.1.0.jar started by EGIS in C:\github\Inventory-management)
2026-04-06T11:15:07.019+09:00  INFO 46092 --- [inventory-management-api-spring] [           main] m.a.InventoryManagementSpringApplication : No active profile set, falling back to 1 default profile: "default"
2026-04-06T11:15:07.981+09:00  INFO 46092 --- [inventory-management-api-spring] [           main] .s.d.r.c.RepositoryConfigurationDelegate : Bootstrapping Spring Data JPA repositories in DEFAULT mode.
2026-04-06T11:15:08.100+09:00  INFO 46092 --- [inventory-management-api-spring] [           main] .s.d.r.c.RepositoryConfigurationDelegate : Finished Spring Data repository scanning in 112 ms. Found 11 JPA repository interfaces.
2026-04-06T11:15:08.830+09:00  INFO 46092 --- [inventory-management-api-spring] [           main] o.s.b.w.embedded.tomcat.TomcatWebServer  : Tomcat initialized with port 2011 (http)
2026-04-06T11:15:08.850+09:00  INFO 46092 --- [inventory-management-api-spring] [           main] o.apache.catalina.core.StandardService   : Starting service [Tomcat]
2026-04-06T11:15:08.850+09:00  INFO 46092 --- [inventory-management-api-spring] [           main] o.apache.catalina.core.StandardEngine    : Starting Servlet engine: [Apache Tomcat/10.1.31]
2026-04-06T11:15:08.896+09:00  INFO 46092 --- [inventory-management-api-spring] [           main] o.a.c.c.C.[Tomcat].[localhost].[/]       : Initializing Spring embedded WebApplicationContext
2026-04-06T11:15:08.898+09:00  INFO 46092 --- [inventory-management-api-spring] [           main] w.s.c.ServletWebServerApplicationContext : Root WebApplicationContext: initialization completed in 1837 ms
Standard Commons Logging discovery in action with spring-jcl: please remove commons-logging.jar from classpath in order to avoid potential conflicts
2026-04-06T11:15:09.151+09:00  INFO 46092 --- [inventory-management-api-spring] [           main] o.hibernate.jpa.internal.util.LogHelper  : HHH000204: Processing PersistenceUnitInfo [name: default]
2026-04-06T11:15:09.219+09:00  INFO 46092 --- [inventory-management-api-spring] [           main] org.hibernate.Version                    : HHH000412: Hibernate ORM core version 6.5.3.Final
2026-04-06T11:15:09.293+09:00  INFO 46092 --- [inventory-management-api-spring] [           main] o.h.c.internal.RegionFactoryInitiator    : HHH000026: Second-level cache disabled
2026-04-06T11:15:09.622+09:00  INFO 46092 --- [inventory-management-api-spring] [           main] o.s.o.j.p.SpringPersistenceUnitInfo      : No LoadTimeWeaver setup: ignoring JPA class transformer
2026-04-06T11:15:09.662+09:00  INFO 46092 --- [inventory-management-api-spring] [           main] com.zaxxer.hikari.HikariDataSource       : HikariPool-1 - Starting...
2026-04-06T11:15:10.218+09:00  INFO 46092 --- [inventory-management-api-spring] [           main] com.zaxxer.hikari.pool.HikariPool        : HikariPool-1 - Added connection org.postgresql.jdbc.PgConnection@762da62b
2026-04-06T11:15:10.219+09:00  INFO 46092 --- [inventory-management-api-spring] [           main] com.zaxxer.hikari.HikariDataSource       : HikariPool-1 - Start completed.
2026-04-06T11:15:10.261+09:00  WARN 46092 --- [inventory-management-api-spring] [           main] org.hibernate.orm.deprecation            : HHH90000025: PostgreSQLDialect does not need to be specified explicitly using 'hibernate.dialect' (remove the property setting and it will be selected by default)
2026-04-06T11:15:11.166+09:00  INFO 46092 --- [inventory-management-api-spring] [           main] o.h.e.t.j.p.i.JtaPlatformInitiator       : HHH000489: No JTA platform available (set 'hibernate.transaction.jta.platform' to enable JTA platform integration)
2026-04-06T11:15:11.448+09:00  WARN 46092 --- [inventory-management-api-spring] [           main] o.h.engine.jdbc.spi.SqlExceptionHelper   : SQL Warning Code: 0, SQLState: 00000
2026-04-06T11:15:11.449+09:00  WARN 46092 --- [inventory-management-api-spring] [           main] o.h.engine.jdbc.spi.SqlExceptionHelper   : constraint "ukjl5qcyb7qt0h4yixaurrdvhaw" of relation "groups" does not exist, skipping
2026-04-06T11:15:11.460+09:00  INFO 46092 --- [inventory-management-api-spring] [           main] j.LocalContainerEntityManagerFactoryBean : Initialized JPA EntityManagerFactory for persistence unit 'default'
2026-04-06T11:15:11.951+09:00  WARN 46092 --- [inventory-management-api-spring] [           main] .s.s.UserDetailsServiceAutoConfiguration : 

Using generated security password: b2497f80-3334-402f-822b-e53b5747e571

This generated password is for development use only. Your security configuration must be updated before running your application in production.

2026-04-06T11:15:11.973+09:00  INFO 46092 --- [inventory-management-api-spring] [           main] r$InitializeUserDetailsManagerConfigurer : Global AuthenticationManager configured with UserDetailsService bean with name inMemoryUserDetailsManager
2026-04-06T11:15:12.487+09:00  INFO 46092 --- [inventory-management-api-spring] [           main] o.s.b.w.embedded.tomcat.TomcatWebServer  : Tomcat started on port 2011 (http) with context path '/'
2026-04-06T11:15:12.495+09:00  INFO 46092 --- [inventory-management-api-spring] [           main] m.a.InventoryManagementSpringApplication : Started InventoryManagementSpringApplication in 5.987 seconds (process running for 6.481)
2026-04-06T11:15:27.641+09:00  INFO 46092 --- [inventory-management-api-spring] [nio-2011-exec-1] o.a.c.c.C.[Tomcat].[localhost].[/]       : Initializing Spring DispatcherServlet 'dispatcherServlet'
2026-04-06T11:15:27.641+09:00  INFO 46092 --- [inventory-management-api-spring] [nio-2011-exec-1] o.s.web.servlet.DispatcherServlet        : Initializing Servlet 'dispatcherServlet'
2026-04-06T11:15:27.643+09:00  INFO 46092 --- [inventory-management-api-spring] [nio-2011-exec-1] o.s.web.servlet.DispatcherServlet        : Completed initialization in 2 ms
